0 info it worked if it ends with ok
1 verbose cli [ '/usr/bin/nodejs', '/usr/bin/npm', 'start' ]
2 info using npm@3.10.10
3 info using node@v6.11.2
4 verbose run-script [ 'prestart', 'start', 'poststart' ]
5 info lifecycle kania-bot@1.0.0~prestart: kania-bot@1.0.0
6 silly lifecycle kania-bot@1.0.0~prestart: no script for prestart, continuing
7 info lifecycle kania-bot@1.0.0~start: kania-bot@1.0.0
8 verbose lifecycle kania-bot@1.0.0~start: unsafe-perm in lifecycle true
9 verbose lifecycle kania-bot@1.0.0~start: PATH: /usr/lib/node_modules/npm/bin/node-gyp-bin:/mnt/d/Project/kania-bot/node_modules/.bin:/usr/local/bin:/usr/bin:/bin:/usr/local/games:/usr/games
10 verbose lifecycle kania-bot@1.0.0~start: CWD: /mnt/d/Project/kania-bot
11 silly lifecycle kania-bot@1.0.0~start: Args: [ '-c', 'tsc && node ./build/index.js' ]
12 silly lifecycle kania-bot@1.0.0~start: Returned: code: 2  signal: null
13 info lifecycle kania-bot@1.0.0~start: Failed to exec start script
14 verbose stack Error: kania-bot@1.0.0 start: `tsc && node ./build/index.js`
14 verbose stack Exit status 2
14 verbose stack     at EventEmitter.<anonymous> (/usr/lib/node_modules/npm/lib/utils/lifecycle.js:255:16)
14 verbose stack     at emitTwo (events.js:106:13)
14 verbose stack     at EventEmitter.emit (events.js:191:7)
14 verbose stack     at ChildProcess.<anonymous> (/usr/lib/node_modules/npm/lib/utils/spawn.js:40:14)
14 verbose stack     at emitTwo (events.js:106:13)
14 verbose stack     at ChildProcess.emit (events.js:191:7)
14 verbose stack     at maybeClose (internal/child_process.js:891:16)
14 verbose stack     at Process.ChildProcess._handle.onexit (internal/child_process.js:226:5)
15 verbose pkgid kania-bot@1.0.0
16 verbose cwd /mnt/d/Project/kania-bot
17 error Linux 3.4.0+
18 error argv "/usr/bin/nodejs" "/usr/bin/npm" "start"
19 error node v6.11.2
20 error npm  v3.10.10
21 error code ELIFECYCLE
22 error kania-bot@1.0.0 start: `tsc && node ./build/index.js`
22 error Exit status 2
23 error Failed at the kania-bot@1.0.0 start script 'tsc && node ./build/index.js'.
23 error Make sure you have the latest version of node.js and npm installed.
23 error If you do, this is most likely a problem with the kania-bot package,
23 error not with npm itself.
23 error Tell the author that this fails on your system:
23 error     tsc && node ./build/index.js
23 error You can get information on how to open an issue for this project with:
23 error     npm bugs kania-bot
23 error Or if that isn't available, you can get their info via:
23 error     npm owner ls kania-bot
23 error There is likely additional logging output above.
24 verbose exit [ 1, true ]
